{
  "RSpec": {
    "coverage": {
      "/Users/Katie/Documents/school/blog/spec/controllers/posts_controller_spec.rb": [
        1,
        null,
        1,
        null,
        null
      ],
      "/Users/Katie/Documents/school/blog/spec/rails_helper.rb": [
        null,
        1,
        1,
        1,
        1,
        null,
        null,
        null,
        null,
        null,
        null,
        null,
        null,
        null,
        null,
        null,
        null,
        null,
        null,
        null,
        null,
        null,
        null,
        null,
        1,
        null,
        1,
        null,
        1,
        null,
        null,
        null,
        null,
        1,
        null,
        null,
        null,
        null,
        null,
        null,
        null,
        null,
        null,
        null,
        null,
        null,
        null,
        null,
        1,
        null
      ],
      "/Users/Katie/Documents/school/blog/config/environment.rb": [
        null,
        1,
        null,
        null,
        1
      ],
      "/Users/Katie/Documents/school/blog/config/application.rb": [
        1,
        null,
        null,
        1,
        1,
        1,
        1,
        1,
        1,
        null,
        null,
        null,
        null,
        1,
        null,
        1,
        1,
        null,
        1,
        1,
        null,
        null,
        null,
        null,
        null,
        null,
        1,
        null,
        null,
        null,
        null,
        null,
        null,
        null,
        null,
        1,
        null,
        null,
        null,
        null,
        null,
        null
      ],
      "/Users/Katie/Documents/school/blog/config/boot.rb": [
        null,
        1,
        null,
        1
      ],
      "/Users/Katie/Documents/school/blog/config/environments/test.rb": [
        1,
        null,
        null,
        null,
        null,
        null,
        null,
        1,
        null,
        null,
        null,
        null,
        1,
        null,
        null,
        1,
        1,
        null,
        null,
        1,
        1,
        null,
        null,
        1,
        null,
        null,
        1,
        null,
        null,
        null,
        null,
        1,
        null,
        null,
        1,
        null,
        null,
        null,
        null
      ],
      "/Users/Katie/Documents/school/blog/config/initializers/assets.rb": [
        null,
        null,
        null,
        1,
        null,
        null,
        null,
        null
      ],
      "/Users/Katie/Documents/school/blog/config/initializers/backtrace_silencers.rb": [
        null,
        null,
        null,
        null,
        null,
        null,
        null
      ],
      "/Users/Katie/Documents/school/blog/config/initializers/cookies_serializer.rb": [
        null,
        null,
        1
      ],
      "/Users/Katie/Documents/school/blog/config/initializers/filter_parameter_logging.rb": [
        null,
        null,
        null,
        1
      ],
      "/Users/Katie/Documents/school/blog/config/initializers/inflections.rb": [
        null,
        null,
        null,
        null,
        null,
        null,
        null,
        null,
        null,
        null,
        null,
        null,
        null,
        null,
        null,
        null
      ],
      "/Users/Katie/Documents/school/blog/config/initializers/mime_types.rb": [
        null,
        null,
        null,
        null
      ],
      "/Users/Katie/Documents/school/blog/config/initializers/session_store.rb": [
        null,
        null,
        1
      ],
      "/Users/Katie/Documents/school/blog/config/initializers/wrap_parameters.rb": [
        null,
        null,
        null,
        null,
        null,
        null,
        1,
        1,
        null,
        null,
        null,
        null,
        null,
        null
      ],
      "/Users/Katie/Documents/school/blog/spec/factories/concepts.rb": [
        1,
        1,
        1,
        null,
        null,
        null
      ],
      "/Users/Katie/Documents/school/blog/spec/factories/posts.rb": [
        1,
        null,
        1,
        1,
        12,
        12,
        null,
        1,
        1,
        1,
        null,
        null,
        null,
        null,
        null
      ],
      "/Users/Katie/Documents/school/blog/spec/factories/resources.rb": [
        1,
        1,
        1,
        1,
        1,
        1,
        null,
        null,
        null
      ],
      "/Users/Katie/Documents/school/blog/config/routes.rb": [
        1,
        null,
        1,
        1,
        null,
        1,
        1,
        1,
        null,
        null,
        null,
        null,
        null,
        null,
        null,
        null,
        null,
        null,
        null,
        null,
        null,
        null,
        null,
        null,
        null,
        null,
        null,
        null,
        null,
        null,
        null,
        null,
        null,
        null,
        null,
        null,
        null,
        null,
        null,
        null,
        null,
        null,
        null,
        null,
        null,
        null,
        null,
        null,
        null,
        null,
        null,
        null,
        null,
        null,
        null,
        null,
        null,
        null,
        null,
        null,
        null,
        null,
        null,
        null
      ],
      "/Users/Katie/Documents/school/blog/app/helpers/application_helper.rb": [
        1,
        null
      ],
      "/Users/Katie/Documents/school/blog/app/helpers/posts_helper.rb": [
        1,
        null,
        1,
        0,
        null,
        0,
        0,
        0,
        null,
        null,
        1,
        0,
        null,
        0,
        0,
        0,
        0,
        0,
        null,
        null,
        1,
        null,
        1,
        0,
        null,
        null,
        1,
        0,
        null,
        null,
        1,
        0,
        null,
        null
      ],
      "/Users/Katie/Documents/school/blog/app/helpers/sessions_helper.rb": [
        1,
        null
      ],
      "/Users/Katie/Documents/school/blog/app/controllers/posts_controller.rb": [
        1,
        1,
        1,
        null,
        1,
        0,
        null,
        null,
        1,
        0,
        0,
        0,
        null,
        0,
        null,
        null,
        null,
        1,
        null,
        null,
        null,
        1,
        null,
        null,
        null,
        1,
        null,
        1,
        0,
        null,
        null,
        1,
        0,
        null,
        null,
        1,
        0,
        null,
        null
      ],
      "/Users/Katie/Documents/school/blog/app/controllers/application_controller.rb": [
        1,
        null,
        null,
        1,
        null,
        1,
        0,
        0,
        null,
        1,
        null,
        null
      ],
      "/Users/Katie/Documents/school/blog/spec/controllers/sessions_controller_spec.rb": [
        1,
        null,
        1,
        null,
        1,
        0,
        null,
        null,
        null,
        null,
        1,
        1,
        null,
        null,
        null,
        null,
        null
      ],
      "/Users/Katie/Documents/school/blog/app/controllers/sessions_controller.rb": [
        1,
        null,
        1,
        0,
        0,
        0,
        0,
        0,
        0,
        null,
        0,
        null,
        null,
        null,
        1,
        0,
        0,
        null,
        null,
        1,
        null,
        1,
        0,
        null,
        null,
        1,
        0,
        null,
        null,
        1,
        0,
        null,
        null
      ],
      "/Users/Katie/Documents/school/blog/spec/helpers/posts_helper_spec.rb": [
        1,
        null,
        null,
        null,
        null,
        null,
        null,
        null,
        null,
        null,
        null,
        null,
        1,
        1,
        null
      ],
      "/Users/Katie/Documents/school/blog/spec/helpers/sessions_helper_spec.rb": [
        1,
        null,
        null,
        null,
        null,
        null,
        null,
        null,
        null,
        null,
        null,
        null,
        1,
        1,
        null
      ],
      "/Users/Katie/Documents/school/blog/spec/models/concept_spec.rb": [
        1,
        null,
        1,
        1,
        null
      ],
      "/Users/Katie/Documents/school/blog/app/models/concept.rb": [
        1,
        1,
        null
      ],
      "/Users/Katie/Documents/school/blog/spec/models/post_spec.rb": [
        1,
        null,
        1,
        3,
        null,
        1,
        1,
        null,
        null,
        1,
        1,
        null,
        null,
        1,
        1,
        null,
        null,
        1,
        3,
        null,
        1,
        1,
        1,
        null,
        null,
        1,
        1,
        null,
        1,
        1,
        1,
        null,
        null,
        null,
        1,
        2,
        null,
        1,
        1,
        1,
        null,
        null,
        1,
        1,
        null,
        1,
        1,
        null,
        null,
        null,
        1,
        1,
        null,
        null,
        null,
        null,
        null,
        null,
        null,
        2,
        null,
        1,
        1,
        null,
        1,
        1,
        null,
        null,
        null,
        null
      ],
      "/Users/Katie/Documents/school/blog/app/models/post.rb": [
        1,
        1,
        1,
        null,
        1,
        12,
        null,
        null,
        1,
        1,
        null,
        null,
        1,
        12,
        null,
        null
      ],
      "/Users/Katie/Documents/school/blog/spec/models/resource_spec.rb": [
        1,
        null,
        1,
        1,
        null
      ],
      "/Users/Katie/Documents/school/blog/app/models/resource.rb": [
        1,
        1,
        null
      ],
      "/Users/Katie/Documents/school/blog/spec/models/user_spec.rb": [
        1,
        null,
        1,
        1,
        null
      ],
      "/Users/Katie/Documents/school/blog/app/models/user.rb": [
        1,
        1,
        null
      ]
    },
    "timestamp": 1420429057
  }
}
